Started
Getting screen size
Screen is set
Set mouse visible
Mixer quit
Loading images
Started
Getting screen size
Screen is set
Set mouse visible
Mixer quit
Loading images
check Keyboard function
Started
Getting screen size
Screen is set
Set mouse visible
Mixer quit
Loading images
check Keyboard function
Text applied
Started
Getting screen size
Started
Getting screen size
Screen is set
Set mouse visible
Mixer quit
Loading images
check Keyboard function
Text applied
Started
Getting screen size
Screen is set
Set mouse visible
Mixer quit
Loading images
check Keyboard function
Started
Getting screen size
Screen is set
Set mouse visible
Mixer quit
Loading images
check Keyboard function
Text applied
Started
Getting screen size
Screen is set
Set mouse visible
Mixer quit
Loading images
check Keyboard function
Text applied
Started
Getting screen size
Screen is set
Set mouse visible
Mixer quit
Loading images
check Keyboard function
Text applied
Started
Getting screen size
Screen is set
Set mouse visible
Mixer quit
Loading images
check Keyboard function
Text applied
Started
Getting screen size
Screen is set
Set mouse visible
Mixer quit
Loading images
check Keyboard function
Left Text applied
Right Text applied
Started
Getting screen size
Screen is set
Set mouse visible
Mixer quit
Loading images
check Keyboard function
Left Text applied
Right Text applied
Started
Getting screen size
Screen is set
Set mouse visible
Mixer quit
Loading images
check Keyboard function
Left Text applied
Right Text applied
Started
Getting screen size
Screen is set
Set mouse visible
Mixer quit
Loading images
check Keyboard function
Left Text applied
Right Text applied
Started
Getting screen size
Screen is set
Set mouse visible
Mixer quit
Loading images
check Keyboard function
Left Text applied
Right Text applied
Started
Getting screen size
Screen is set
Set mouse visible
Mixer quit
Loading images
check Keyboard function
Left Text applied
Right Text applied
Started
Getting screen size
Screen is set
Set mouse visible
Mixer quit
Loading images
check Keyboard function
Left Text applied
Right Text applied
Started
Getting screen size
Screen is set
Set mouse visible
Mixer quit
Loading images
check Keyboard function
Left Text applied
Right Text applied
